<?xml version="1.0" encoding="UTF-8" ?>
<testsuite tests="17" failures="0" name="com.test.Sweety.TriggerTest" time="4.295" errors="0" skipped="0">
  <properties>
    <property name="java.runtime.name" value="Java(TM) SE Runtime Environment"/>
    <property name="sun.boot.library.path" value="C:\Program Files\Java\jre1.8.0_40\bin"/>
    <property name="java.vm.version" value="25.40-b25"/>
    <property name="java.vm.vendor" value="Oracle Corporation"/>
    <property name="maven.multiModuleProjectDirectory" value="C:\Users\CHAITHRA G\Desktop\Eclopse\Sweety"/>
    <property name="java.vendor.url" value="http://java.oracle.com/"/>
    <property name="path.separator" value=";"/>
    <property name="guice.disable.misplaced.annotation.check" value="true"/>
    <property name="java.vm.name" value="Java HotSpot(TM) 64-Bit Server VM"/>
    <property name="file.encoding.pkg" value="sun.io"/>
    <property name="user.script" value=""/>
    <property name="user.country" value="IN"/>
    <property name="sun.java.launcher" value="SUN_STANDARD"/>
    <property name="sun.os.patch.level" value=""/>
    <property name="java.vm.specification.name" value="Java Virtual Machine Specification"/>
    <property name="user.dir" value="C:\Users\CHAITHRA G\Desktop\Eclopse\Sweety"/>
    <property name="java.runtime.version" value="1.8.0_40-b26"/>
    <property name="java.awt.graphicsenv" value="sun.awt.Win32GraphicsEnvironment"/>
    <property name="java.endorsed.dirs" value="C:\Program Files\Java\jre1.8.0_40\lib\endorsed"/>
    <property name="os.arch" value="amd64"/>
    <property name="java.io.tmpdir" value="C:\Users\CHAITH~1\AppData\Local\Temp\"/>
    <property name="line.separator" value="
"/>
    <property name="java.vm.specification.vendor" value="Oracle Corporation"/>
    <property name="user.variant" value=""/>
    <property name="os.name" value="Windows 8.1"/>
    <property name="classworlds.conf" value="C:\Users\CHAITHRA G\Desktop\Eclopse\.metadata\.plugins\org.eclipse.m2e.launching\launches\m2conf6704454950328317891.tmp"/>
    <property name="sun.jnu.encoding" value="Cp1252"/>
    <property name="java.library.path" value="C:\Program Files\Java\jre1.8.0_40\bin;C:\Windows\Sun\Java\bin;C:\Windows\system32;C:\Windows;C:/Program Files/Java/jre1.8.0_40/bin/server;C:/Program Files/Java/jre1.8.0_40/bin;C:/Program Files/Java/jre1.8.0_40/lib/amd64;C:\ProgramData\Oracle\Java\javapath;C:\Program Files\Broadcom\Broadcom 802.11 Network Adapter;C:\Program Files (x86)\Intel\iCLS Client\;C:\Program Files\Intel\iCLS Client\;C:\Windows\system32;C:\Windows;C:\Windows\System32\Wbem;C:\Windows\System32\WindowsPowerShell\v1.0\;C:\Program Files\Intel\Intel(R) Management Engine Components\DAL;C:\Program Files\Intel\Intel(R) Management Engine Components\IPT;C:\Program Files (x86)\Intel\Intel(R) Management Engine Components\DAL;C:\Program Files (x86)\Intel\Intel(R) Management Engine Components\IPT;C:\Program Files\WIDCOMM\Bluetooth Software\;C:\Program Files\WIDCOMM\Bluetooth Software\syswow64;C:\Program Files\Acer\Remote Files\;C:\Xilinx92i\bin\nt64;C:\Xilinx91i\bin\nt64;C:\Program Files\nodejs\;C:\Program Files\Java\jdk1.8.0_40\bin;C:\Users\CHAITHRA G\AppData\Roaming\npm;C:\Program Files\apache-maven-3.3.3-bin\apache-maven-3.3.3\bin;C:\Users\CHAITHRA G\Desktop\Project Details\eclipse-jee-mars-R-win32-x86_64\eclipse;;."/>
    <property name="java.specification.name" value="Java Platform API Specification"/>
    <property name="java.class.version" value="52.0"/>
    <property name="sun.management.compiler" value="HotSpot 64-Bit Tiered Compilers"/>
    <property name="os.version" value="6.3"/>
    <property name="user.home" value="C:\Users\CHAITHRA G"/>
    <property name="user.timezone" value="Asia/Calcutta"/>
    <property name="java.awt.printerjob" value="sun.awt.windows.WPrinterJob"/>
    <property name="java.specification.version" value="1.8"/>
    <property name="file.encoding" value="Cp1252"/>
    <property name="user.name" value="CHAITHRA G"/>
    <property name="java.class.path" value="/C:/Users/CHAITHRA G/Desktop/Project Details/eclipse-jee-mars-R-win32-x86_64/eclipse/plugins/org.eclipse.m2e.maven.runtime_1.6.1.20150625-2337/jars/plexus-classworlds-2.5.2.jar"/>
    <property name="java.vm.specification.version" value="1.8"/>
    <property name="sun.arch.data.model" value="64"/>
    <property name="java.home" value="C:\Program Files\Java\jre1.8.0_40"/>
    <property name="sun.java.command" value="org.codehaus.plexus.classworlds.launcher.Launcher -B install"/>
    <property name="java.specification.vendor" value="Oracle Corporation"/>
    <property name="user.language" value="en"/>
    <property name="awt.toolkit" value="sun.awt.windows.WToolkit"/>
    <property name="java.vm.info" value="mixed mode"/>
    <property name="java.version" value="1.8.0_40"/>
    <property name="java.ext.dirs" value="C:\Program Files\Java\jre1.8.0_40\lib\ext;C:\Windows\Sun\Java\lib\ext"/>
    <property name="sun.boot.class.path" value="C:\Program Files\Java\jre1.8.0_40\lib\resources.jar;C:\Program Files\Java\jre1.8.0_40\lib\rt.jar;C:\Program Files\Java\jre1.8.0_40\lib\sunrsasign.jar;C:\Program Files\Java\jre1.8.0_40\lib\jsse.jar;C:\Program Files\Java\jre1.8.0_40\lib\jce.jar;C:\Program Files\Java\jre1.8.0_40\lib\charsets.jar;C:\Program Files\Java\jre1.8.0_40\lib\jfr.jar;C:\Program Files\Java\jre1.8.0_40\classes"/>
    <property name="java.vendor" value="Oracle Corporation"/>
    <property name="maven.home" value="C:\Users\CHAITHRA G\Desktop\Eclopse\Sweety\EMBEDDED"/>
    <property name="file.separator" value="\"/>
    <property name="java.vendor.url.bug" value="http://bugreport.sun.com/bugreport/"/>
    <property name="sun.cpu.endian" value="little"/>
    <property name="sun.io.unicode.encoding" value="UnicodeLittle"/>
    <property name="sun.desktop" value="windows"/>
    <property name="sun.cpu.isalist" value="amd64"/>
  </properties>
  <testcase classname="| LoginDetails.properties | 4 |" name="Given Home Page loads successfully" time="0.005"/>
  <testcase classname="| LoginDetails.properties | 4 |" name="Then Enter EmailID and password &quot;LoginDetails.properties&quot;" time="0"/>
  <testcase classname="| LoginDetails.properties | 4 |" name="And Click on Login" time="0"/>
  <testcase classname="| LoginDetails.properties | 4 |" name="And Navigate to Enter Levels" time="0"/>
  <testcase classname="| LoginDetails.properties | 4 |" name="And Verify 4 levels are available for the day" time="0"/>
  <testcase classname="| LoginDetails.properties | 4 |" name="And Click On AddnewValue" time="0"/>
  <testcase classname="| LoginDetails.properties | 4 |" name="And Enter the Level &quot;4&quot;" time="0"/>
  <testcase classname="| LoginDetails.properties | 4 |" name="And Click on Submit" time="0"/>
  <testcase classname="| LoginDetails.properties | 4 |" name="Then Verify level entered are not accepted" time="0"/>
  <testcase classname="| LoginDetails.properties | 4 |" name="| LoginDetails.properties | 4 |" time="2.35"/>
  <testcase classname="| LoginDetails.properties |" name="Given Home Page loads successfully" time="0.001"/>
  <testcase classname="| LoginDetails.properties |" name="Then Enter EmailID and password &quot;LoginDetails.properties&quot;" time="0"/>
  <testcase classname="| LoginDetails.properties |" name="And Click on Login" time="0"/>
  <testcase classname="| LoginDetails.properties |" name="And Navigate to Reports" time="0.001"/>
  <testcase classname="| LoginDetails.properties |" name="And View Daily Report" time="0"/>
  <testcase classname="| LoginDetails.properties |" name="Then View Monthly Reports" time="0"/>
  <testcase classname="| LoginDetails.properties |" name="| LoginDetails.properties |" time="1.938"/>
</testsuite>